[18:55:42] [modloading-worker-0/INFO] ========================================
[18:55:42] [modloading-worker-0/INFO] Minecraft: 1.20.1
[18:55:42] [modloading-worker-0/INFO] Side: server
[18:55:42] [modloading-worker-0/INFO] Development: false
[18:55:42] [modloading-worker-0/INFO] Version: 12.1.785
[18:55:42] [modloading-worker-0/INFO] Loader:
[18:55:42] [modloading-worker-0/INFO] - Forge: 47.2.17
[18:55:42] [modloading-worker-0/INFO] Dependencies:
[18:55:42] [modloading-worker-0/INFO] - Cloth Config: 11.1.136
[18:55:42] [modloading-worker-0/INFO] - Architectury: 9.2.14
[18:55:42] [modloading-worker-0/INFO] Mixin: 0.8.5
[18:55:42] [modloading-worker-0/INFO] OS: Linux 6.8.0-1030-azure (amd64)
[18:55:42] [modloading-worker-0/INFO] Java: 17.0.16 (Ubuntu)
[18:55:42] [modloading-worker-0/INFO] ========================================
[18:55:42] [modloading-worker-0/INFO] Mods:
[18:55:42] [modloading-worker-0/INFO] - aiimprovements: 0.5.2
[18:55:42] [modloading-worker-0/INFO] - appleskin: 2.5.1+mc1.20.1
[18:55:42] [modloading-worker-0/INFO] - architectury: 9.2.14
[18:55:42] [modloading-worker-0/INFO] - canary: 0.3.3
[18:55:42] [modloading-worker-0/INFO] - cloth_config: 11.1.136
[18:55:42] [modloading-worker-0/INFO] - clumps: 12.0.0.4
[18:55:42] [modloading-worker-0/INFO] - cobblemon: 1.5.2+1.20.1
[18:55:42] [modloading-worker-0/INFO] - collective: 7.57
[18:55:42] [modloading-worker-0/INFO] - dismountentity: 3.2
[18:55:42] [modloading-worker-0/INFO] - dota: 0.7.39
[18:55:42] [modloading-worker-0/INFO] - duckling: 3.0.0
[18:55:42] [modloading-worker-0/INFO] - ferritecore: 6.0.1
[18:55:42] [modloading-worker-0/INFO] - forge: 47.2.17
[18:55:42] [modloading-worker-0/INFO] - geckolib: 4.8.2
[18:55:42] [modloading-worker-0/INFO] - journeymap: 5.10.3
[18:55:42] [modloading-worker-0/INFO] - kotlinforforge: 4.10.0
[18:55:42] [modloading-worker-0/INFO] - letmedespawn: 1.2.0
[18:55:42] [modloading-worker-0/INFO] - memoryleakfix: 1.1.5
[18:55:42] [modloading-worker-0/INFO] - midnightlib: 1.4.2
[18:55:42] [modloading-worker-0/INFO] - minecraft: 1.20.1
[18:55:42] [modloading-worker-0/INFO] - mixinextras: 0.3.6
[18:55:42] [modloading-worker-0/INFO] - mowziesmobs: 1.7.3
[18:55:42] [modloading-worker-0/INFO] - naturalist: 5.0pre5
[18:55:42] [modloading-worker-0/INFO] - pvz_zengarden: 1.7.3
[18:55:42] [modloading-worker-0/INFO] - roughlyenoughitems: 12.1.785
[18:55:42] [modloading-worker-0/INFO] - smoothboot: 0.0.4
[18:55:42] [modloading-worker-0/INFO] - starlight: 1.1.2+forge.1cda73c
[18:55:42] [modloading-worker-0/INFO] - superflatworldnoslimes: 3.2
[18:55:42] [modloading-worker-0/INFO] - tacz: 1.1.6-hotfix
[18:55:42] [modloading-worker-0/INFO] - tameablebeasts: 7.0
[18:55:42] [modloading-worker-0/INFO] - trotting_wagons: 1.0.4
[18:55:42] [modloading-worker-0/INFO] ========================================
[18:55:42] [modloading-worker-0/INFO] [REI] Registered plugin provider DefaultPluginImpl [roughlyenoughitems] for REIServerPlugin
[18:55:42] [modloading-worker-0/INFO] [REI] Registered plugin provider DefaultPluginImpl [roughlyenoughitems] for REIPlugin
[18:55:42] [modloading-worker-0/INFO] [REI] Registered plugin provider DefaultRuntimePlugin [roughlyenoughitems] for REIServerPlugin
[18:55:42] [modloading-worker-0/INFO] [REI] Registered plugin provider DefaultRuntimePlugin [roughlyenoughitems] for REIPlugin
[18:55:56] [Worker-Main-3/DEBUG] [REI] Processed 0 tags in 37.01 μs for minecraft:damage_type
[18:55:56] [Worker-Main-1/DEBUG] [REI] Processed 3 tags in 1.054 ms for minecraft:instrument
[18:55:56] [Worker-Main-2/DEBUG] [REI] Processed 2 tags in 1.276 ms for minecraft:cat_variant
[18:55:56] [Worker-Main-3/DEBUG] [REI] Processed 3 tags in 83.58 μs for minecraft:point_of_interest_type
[18:55:56] [Worker-Main-3/DEBUG] [REI] Processed 0 tags in 13.02 μs for minecraft:worldgen/structure
[18:55:56] [Worker-Main-3/DEBUG] [REI] Processed 0 tags in 4.388 μs for minecraft:worldgen/flat_level_generator_preset
[18:55:56] [Worker-Main-2/DEBUG] [REI] Processed 3 tags in 24.67 μs for minecraft:fluid
[18:55:56] [Worker-Main-2/DEBUG] [REI] Processed 0 tags in 4.198 μs for minecraft:worldgen/world_preset
[18:55:56] [Worker-Main-3/DEBUG] [REI] Processed 5 tags in 162.1 μs for minecraft:game_event
[18:55:56] [Worker-Main-2/DEBUG] [REI] Processed 7 tags in 74.97 μs for minecraft:banner_pattern
[18:55:56] [Worker-Main-2/DEBUG] [REI] Processed 59 tags in 384.6 μs for minecraft:entity_type
[18:55:56] [Worker-Main-2/DEBUG] [REI] Processed 1 tags in 54.37 μs for minecraft:painting_variant
[18:55:56] [Worker-Main-1/DEBUG] [REI] Processed 0 tags in 152.1 μs for minecraft:worldgen/biome
[18:55:56] [Worker-Main-2/DEBUG] [REI] Processed 441 tags in 3.128 ms for minecraft:item
[18:55:56] [Worker-Main-3/DEBUG] [REI] Processed 356 tags in 5.441 ms for minecraft:block
[18:55:57] [main/DEBUG] [REI] Starting Reload Plugins of stage null
java.lang.Throwable
	at TRANSFORMER/roughlyenoughitems@12.1.785/me.shedaniel.rei.impl.common.plugins.ReloadManagerImpl.reloadPlugins(ReloadManagerImpl.java:110)
	at TRANSFORMER/roughlyenoughitems@12.1.785/me.shedaniel.rei.RoughlyEnoughItemsCore.lambda$onInitialize$5(RoughlyEnoughItemsCore.java:163)
	at java.base/java.util.concurrent.CompletableFuture$UniRun.tryFire(CompletableFuture.java:787)
	at java.base/java.util.concurrent.CompletableFuture$Completion.run(CompletableFuture.java:482)
	at TRANSFORMER/minecraft@1.20.1/net.minecraft.server.packs.resources.SimpleReloadInstance.m_143940_(SimpleReloadInstance.java:69)
	at TRANSFORMER/minecraft@1.20.1/net.minecraft.Util.m_214652_(Util.java:783)
	at TRANSFORMER/minecraft@1.20.1/net.minecraft.Util.m_214679_(Util.java:772)
	at TRANSFORMER/minecraft@1.20.1/net.minecraft.server.Main.main(Main.java:166)
	at java.base/jdk.internal.reflect.NativeMethodAccessorImpl.invoke0(Native Method)
	at java.base/jdk.internal.reflect.NativeMethodAccessorImpl.invoke(NativeMethodAccessorImpl.java:77)
	at java.base/jdk.internal.reflect.DelegatingMethodAccessorImpl.invoke(DelegatingMethodAccessorImpl.java:43)
	at java.base/java.lang.reflect.Method.invoke(Method.java:569)
	at MC-BOOTSTRAP/fmlloader@1.20.1-47.2.17/net.minecraftforge.fml.loading.targets.CommonLaunchHandler.runTarget(CommonLaunchHandler.java:111)
	at MC-BOOTSTRAP/fmlloader@1.20.1-47.2.17/net.minecraftforge.fml.loading.targets.CommonLaunchHandler.serverService(CommonLaunchHandler.java:103)
	at MC-BOOTSTRAP/fmlloader@1.20.1-47.2.17/net.minecraftforge.fml.loading.targets.CommonServerLaunchHandler.lambda$makeService$0(CommonServerLaunchHandler.java:27)
	at MC-BOOTSTRAP/cpw.mods.modlauncher@10.0.9/cpw.mods.modlauncher.LaunchServiceHandlerDecorator.launch(LaunchServiceHandlerDecorator.java:30)
	at MC-BOOTSTRAP/cpw.mods.modlauncher@10.0.9/cpw.mods.modlauncher.LaunchServiceHandler.launch(LaunchServiceHandler.java:53)
	at MC-BOOTSTRAP/cpw.mods.modlauncher@10.0.9/cpw.mods.modlauncher.LaunchServiceHandler.launch(LaunchServiceHandler.java:71)
	at MC-BOOTSTRAP/cpw.mods.modlauncher@10.0.9/cpw.mods.modlauncher.Launcher.run(Launcher.java:108)
	at MC-BOOTSTRAP/cpw.mods.modlauncher@10.0.9/cpw.mods.modlauncher.Launcher.main(Launcher.java:78)
	at MC-BOOTSTRAP/cpw.mods.modlauncher@10.0.9/cpw.mods.modlauncher.BootstrapLaunchConsumer.accept(BootstrapLaunchConsumer.java:26)
	at MC-BOOTSTRAP/cpw.mods.modlauncher@10.0.9/cpw.mods.modlauncher.BootstrapLaunchConsumer.accept(BootstrapLaunchConsumer.java:23)
	at cpw.mods.bootstraplauncher@1.1.2/cpw.mods.bootstraplauncher.BootstrapLauncher.main(BootstrapLauncher.java:141)
[18:55:57] [main/DEBUG] [REI] ========================================
[18:55:57] [main/DEBUG] [REI] REIPlugin starting pre-reload for START.
[18:55:57] [main/DEBUG] [REI] Reloadables (7):
[18:55:57] [main/DEBUG] [REI]  - EntryTypeRegistryImpl
[18:55:57] [main/DEBUG] [REI]  - EntrySettingsAdapterRegistryImpl
[18:55:57] [main/DEBUG] [REI]  - RecipeManagerContextImpl
[18:55:57] [main/DEBUG] [REI]  - ItemComparatorRegistryImpl
[18:55:57] [main/DEBUG] [REI]  - FluidComparatorRegistryImpl
[18:55:57] [main/DEBUG] [REI]  - DisplaySerializerRegistryImpl
[18:55:57] [main/DEBUG] [REI]  - FluidSupportProviderImpl
[18:55:57] [main/DEBUG] [REI] Plugins (2):
[18:55:57] [main/DEBUG] [REI]  - (-100.00) DefaultPluginImpl of DefaultPluginImpl [roughlyenoughitems]
[18:55:57] [main/DEBUG] [REI]  - (0.00) DefaultRuntimePlugin of DefaultRuntimePlugin [roughlyenoughitems]
[18:55:57] [main/DEBUG] [REI] ========================================
[18:55:57] [main/TRACE] [REI] [REIPlugin START] Reloading Section: "pre-register/"
[18:55:57] [main/TRACE] [REI] [REIPlugin START] Reloading Section: "pre-register/DefaultPluginImpl of DefaultPluginImpl [roughlyenoughitems]/"
[18:55:57] [main/TRACE] [REI] [REIPlugin START] Reloading Section: "pre-register/DefaultPluginImpl of DefaultPluginImpl [roughlyenoughitems]/" done in 999.4 μs
[18:55:57] [main/TRACE] [REI] [REIPlugin START] Reloading Section: "pre-register/DefaultRuntimePlugin of DefaultRuntimePlugin [roughlyenoughitems]/"
[18:55:57] [main/TRACE] [REI] [REIPlugin START] Reloading Section: "pre-register/DefaultRuntimePlugin of DefaultRuntimePlugin [roughlyenoughitems]/" done in 80.66 μs
[18:55:57] [main/TRACE] [REI] [REIPlugin START] Reloading Section: "pre-register/" done in 18.04 ms
[18:55:57] [main/TRACE] [REI] [REIPlugin START] Reloading Section: "pre-stage/"
[18:55:57] [main/TRACE] [REI] [REIPlugin START] Reloading Section: "pre-stage/EntryTypeRegistryImpl/"
[18:55:57] [main/TRACE] [REI] [REIPlugin START] Reloading Section: "pre-stage/EntryTypeRegistryImpl/" done in 263.2 μs
[18:55:57] [main/TRACE] [REI] [REIPlugin START] Reloading Section: "pre-stage/EntrySettingsAdapterRegistryImpl/"
[18:55:57] [main/TRACE] [REI] [REIPlugin START] Reloading Section: "pre-stage/EntrySettingsAdapterRegistryImpl/" done in 66.21 μs
[18:55:57] [main/TRACE] [REI] [REIPlugin START] Reloading Section: "pre-stage/RecipeManagerContextImpl/"
[18:55:57] [main/TRACE] [REI] [REIPlugin START] Reloading Section: "pre-stage/RecipeManagerContextImpl/" done in 64.69 μs
[18:55:57] [main/TRACE] [REI] [REIPlugin START] Reloading Section: "pre-stage/ItemComparatorRegistryImpl/"
[18:55:57] [main/TRACE] [REI] [REIPlugin START] Reloading Section: "pre-stage/ItemComparatorRegistryImpl/" done in 83.96 μs
[18:55:57] [main/TRACE] [REI] [REIPlugin START] Reloading Section: "pre-stage/FluidComparatorRegistryImpl/"
[18:55:57] [main/TRACE] [REI] [REIPlugin START] Reloading Section: "pre-stage/FluidComparatorRegistryImpl/" done in 59.51 μs
[18:55:57] [main/TRACE] [REI] [REIPlugin START] Reloading Section: "pre-stage/DisplaySerializerRegistryImpl/"
[18:55:57] [main/TRACE] [REI] [REIPlugin START] Reloading Section: "pre-stage/DisplaySerializerRegistryImpl/" done in 60.24 μs
[18:55:57] [main/TRACE] [REI] [REIPlugin START] Reloading Section: "pre-stage/FluidSupportProviderImpl/"
[18:55:57] [main/TRACE] [REI] [REIPlugin START] Reloading Section: "pre-stage/FluidSupportProviderImpl/" done in 60.71 μs
[18:55:57] [main/TRACE] [REI] [REIPlugin START] Reloading Section: "pre-stage/" done in 1.904 ms
[18:55:57] [main/DEBUG] [REI] ========================================
[18:55:57] [main/DEBUG] [REI] REIPlugin finished pre-reload for START in 20.85 ms.
[18:55:57] [main/DEBUG] [REI] ========================================
[18:55:57] [main/DEBUG] [REI] ========================================
[18:55:57] [main/DEBUG] [REI] REIServerPlugin starting pre-reload for START.
[18:55:57] [main/DEBUG] [REI] Reloadables (2):
[18:55:57] [main/DEBUG] [REI]  - MenuInfoRegistryImpl
[18:55:57] [main/DEBUG] [REI]  - SlotAccessorRegistryImpl
[18:55:57] [main/DEBUG] [REI] Plugins (2):
[18:55:57] [main/DEBUG] [REI]  - (-100.00) DefaultPluginImpl of DefaultPluginImpl [roughlyenoughitems]
[18:55:57] [main/DEBUG] [REI]  - (0.00) DefaultRuntimePlugin of DefaultRuntimePlugin [roughlyenoughitems]
[18:55:57] [main/DEBUG] [REI] ========================================
[18:55:57] [main/TRACE] [REI] [REIServerPlugin START] Reloading Section: "pre-register/"
[18:55:57] [main/TRACE] [REI] [REIServerPlugin START] Reloading Section: "pre-register/DefaultPluginImpl of DefaultPluginImpl [roughlyenoughitems]/"
[18:55:57] [main/TRACE] [REI] [REIServerPlugin START] Reloading Section: "pre-register/DefaultPluginImpl of DefaultPluginImpl [roughlyenoughitems]/" done in 64.31 μs
[18:55:57] [main/TRACE] [REI] [REIServerPlugin START] Reloading Section: "pre-register/DefaultRuntimePlugin of DefaultRuntimePlugin [roughlyenoughitems]/"
[18:55:57] [main/TRACE] [REI] [REIServerPlugin START] Reloading Section: "pre-register/DefaultRuntimePlugin of DefaultRuntimePlugin [roughlyenoughitems]/" done in 58.10 μs
[18:55:57] [main/TRACE] [REI] [REIServerPlugin START] Reloading Section: "pre-register/" done in 455.0 μs
[18:55:57] [main/TRACE] [REI] [REIServerPlugin START] Reloading Section: "pre-stage/"
[18:55:57] [main/TRACE] [REI] [REIServerPlugin START] Reloading Section: "pre-stage/MenuInfoRegistryImpl/"
[18:55:57] [main/TRACE] [REI] [REIServerPlugin START] Reloading Section: "pre-stage/MenuInfoRegistryImpl/" done in 57.87 μs
[18:55:57] [main/TRACE] [REI] [REIServerPlugin START] Reloading Section: "pre-stage/SlotAccessorRegistryImpl/"
[18:55:57] [main/TRACE] [REI] [REIServerPlugin START] Reloading Section: "pre-stage/SlotAccessorRegistryImpl/" done in 90.17 μs
[18:55:57] [main/TRACE] [REI] [REIServerPlugin START] Reloading Section: "pre-stage/" done in 486.5 μs
[18:55:57] [main/DEBUG] [REI] ========================================
[18:55:57] [main/DEBUG] [REI] REIServerPlugin finished pre-reload for START in 1.260 ms.
[18:55:57] [main/DEBUG] [REI] ========================================
[18:55:57] [main/INFO] [REI] OOOOOOOOOOOOOOOOOOOOOOOOOOOOOOOOOOOOOOOO
[18:55:57] [main/INFO] [REI] REIPlugin starting main-reload for START.
[18:55:57] [main/DEBUG] [REI] Reloadables (7):
[18:55:57] [main/DEBUG] [REI]  - EntryTypeRegistryImpl
[18:55:57] [main/DEBUG] [REI]  - EntrySettingsAdapterRegistryImpl
[18:55:57] [main/DEBUG] [REI]  - RecipeManagerContextImpl
[18:55:57] [main/DEBUG] [REI]  - ItemComparatorRegistryImpl
[18:55:57] [main/DEBUG] [REI]  - FluidComparatorRegistryImpl
[18:55:57] [main/DEBUG] [REI]  - DisplaySerializerRegistryImpl
[18:55:57] [main/DEBUG] [REI]  - FluidSupportProviderImpl
[18:55:57] [main/INFO] [REI] Plugins (2):
[18:55:57] [main/INFO] [REI]  - (-100.00) DefaultPluginImpl of DefaultPluginImpl [roughlyenoughitems]
[18:55:57] [main/INFO] [REI]  - (0.00) DefaultRuntimePlugin of DefaultRuntimePlugin [roughlyenoughitems]
[18:55:57] [main/INFO] [REI] OOOOOOOOOOOOOOOOOOOOOOOOOOOOOOOOOOOOOOOO
[18:55:57] [main/TRACE] [REI] [REIPlugin START] Reloading Section: "start-reload/"
[18:55:57] [main/TRACE] [REI] [REIPlugin START] Reloading Section: "start-reload/EntryTypeRegistryImpl/"
[18:55:57] [main/TRACE] [REI] [REIPlugin START] Reloading Section: "start-reload/EntryTypeRegistryImpl/" done in 109.0 μs
[18:55:57] [main/TRACE] [REI] [REIPlugin START] Reloading Section: "start-reload/EntrySettingsAdapterRegistryImpl/"
[18:55:57] [main/TRACE] [REI] [REIPlugin START] Reloading Section: "start-reload/EntrySettingsAdapterRegistryImpl/" done in 55.44 μs
[18:55:57] [main/TRACE] [REI] [REIPlugin START] Reloading Section: "start-reload/RecipeManagerContextImpl/"
[18:55:57] [main/TRACE] [REI] [REIPlugin START] Reloading Section: "start-reload/RecipeManagerContextImpl/" done in 47.12 μs
[18:55:57] [main/TRACE] [REI] [REIPlugin START] Reloading Section: "start-reload/ItemComparatorRegistryImpl/"
[18:55:57] [main/TRACE] [REI] [REIPlugin START] Reloading Section: "start-reload/ItemComparatorRegistryImpl/" done in 69.97 μs
[18:55:57] [main/TRACE] [REI] [REIPlugin START] Reloading Section: "start-reload/FluidComparatorRegistryImpl/"
[18:55:57] [main/TRACE] [REI] [REIPlugin START] Reloading Section: "start-reload/FluidComparatorRegistryImpl/" done in 56.87 μs
[18:55:57] [main/TRACE] [REI] [REIPlugin START] Reloading Section: "start-reload/DisplaySerializerRegistryImpl/"
[18:55:57] [main/TRACE] [REI] [REIPlugin START] Reloading Section: "start-reload/DisplaySerializerRegistryImpl/" done in 51.50 μs
[18:55:57] [main/TRACE] [REI] [REIPlugin START] Reloading Section: "start-reload/FluidSupportProviderImpl/"
[18:55:57] [main/TRACE] [REI] [REIPlugin START] Reloading Section: "start-reload/FluidSupportProviderImpl/" done in 64.67 μs
[18:55:57] [main/TRACE] [REI] [REIPlugin START] Reloading Section: "start-reload/" done in 1.407 ms
[18:55:57] [main/DEBUG] [REI] ========================================
[18:55:57] [main/DEBUG] [REI] REIPlugin started main-reload for START.
[18:55:57] [main/DEBUG] [REI] ========================================
[18:55:57] [main/TRACE] [REI] [REIPlugin START] Reloading Section: "reloadable-plugin/EntryTypeRegistryImpl/"
[18:55:57] [main/TRACE] [REI] [REIPlugin START] Reloading Section: "reloadable-plugin/EntryTypeRegistryImpl/DefaultPluginImpl of DefaultPluginImpl [roughlyenoughitems]/"
[18:55:57] [main/TRACE] [REI] [REIPlugin START] Reloading Section: "reloadable-plugin/EntryTypeRegistryImpl/DefaultPluginImpl of DefaultPluginImpl [roughlyenoughitems]/" done in 300.6 μs
[18:55:57] [main/TRACE] [REI] [REIPlugin START] Reloading Section: "reloadable-plugin/EntryTypeRegistryImpl/DefaultRuntimePlugin of DefaultRuntimePlugin [roughlyenoughitems]/"
[18:55:57] [main/TRACE] [REI] [REIPlugin START] Reloading Section: "reloadable-plugin/EntryTypeRegistryImpl/DefaultRuntimePlugin of DefaultRuntimePlugin [roughlyenoughitems]/" done in 9.519 ms
[18:55:57] [main/TRACE] [REI] [REIPlugin START] Reloading Section: "reloadable-plugin/EntryTypeRegistryImpl/" done in 10.98 ms
[18:55:57] [main/TRACE] [REI] [REIPlugin START] Reloading Section: "reloadable-plugin/EntrySettingsAdapterRegistryImpl/"
[18:55:57] [main/TRACE] [REI] [REIPlugin START] Reloading Section: "reloadable-plugin/EntrySettingsAdapterRegistryImpl/DefaultPluginImpl of DefaultPluginImpl [roughlyenoughitems]/"
[18:55:57] [main/TRACE] [REI] [REIPlugin START] Reloading Section: "reloadable-plugin/EntrySettingsAdapterRegistryImpl/DefaultPluginImpl of DefaultPluginImpl [roughlyenoughitems]/" done in 128.4 μs
[18:55:57] [main/TRACE] [REI] [REIPlugin START] Reloading Section: "reloadable-plugin/EntrySettingsAdapterRegistryImpl/DefaultRuntimePlugin of DefaultRuntimePlugin [roughlyenoughitems]/"
[18:55:57] [main/TRACE] [REI] [REIPlugin START] Reloading Section: "reloadable-plugin/EntrySettingsAdapterRegistryImpl/DefaultRuntimePlugin of DefaultRuntimePlugin [roughlyenoughitems]/" done in 116.8 μs
[18:55:57] [main/TRACE] [REI] [REIPlugin START] Reloading Section: "reloadable-plugin/EntrySettingsAdapterRegistryImpl/" done in 873.4 μs
[18:55:57] [main/TRACE] [REI] [REIPlugin START] Reloading Section: "reloadable-plugin/RecipeManagerContextImpl/"
[18:55:57] [main/TRACE] [REI] [REIPlugin START] Reloading Section: "reloadable-plugin/RecipeManagerContextImpl/DefaultPluginImpl of DefaultPluginImpl [roughlyenoughitems]/"
[18:55:57] [main/TRACE] [REI] [REIPlugin START] Reloading Section: "reloadable-plugin/RecipeManagerContextImpl/DefaultPluginImpl of DefaultPluginImpl [roughlyenoughitems]/" done in 122.8 μs
[18:55:57] [main/TRACE] [REI] [REIPlugin START] Reloading Section: "reloadable-plugin/RecipeManagerContextImpl/DefaultRuntimePlugin of DefaultRuntimePlugin [roughlyenoughitems]/"
[18:55:57] [main/TRACE] [REI] [REIPlugin START] Reloading Section: "reloadable-plugin/RecipeManagerContextImpl/DefaultRuntimePlugin of DefaultRuntimePlugin [roughlyenoughitems]/" done in 118.2 μs
[18:55:57] [main/TRACE] [REI] [REIPlugin START] Reloading Section: "reloadable-plugin/RecipeManagerContextImpl/" done in 803.7 μs
[18:55:57] [main/TRACE] [REI] [REIPlugin START] Reloading Section: "reloadable-plugin/ItemComparatorRegistryImpl/"
[18:55:57] [main/TRACE] [REI] [REIPlugin START] Reloading Section: "reloadable-plugin/ItemComparatorRegistryImpl/DefaultPluginImpl of DefaultPluginImpl [roughlyenoughitems]/"
[18:55:57] [main/TRACE] [REI] [REIPlugin START] Reloading Section: "reloadable-plugin/ItemComparatorRegistryImpl/DefaultPluginImpl of DefaultPluginImpl [roughlyenoughitems]/" done in 1.019 ms
[18:55:57] [main/TRACE] [REI] [REIPlugin START] Reloading Section: "reloadable-plugin/ItemComparatorRegistryImpl/DefaultRuntimePlugin of DefaultRuntimePlugin [roughlyenoughitems]/"
[18:55:57] [main/TRACE] [REI] [REIPlugin START] Reloading Section: "reloadable-plugin/ItemComparatorRegistryImpl/DefaultRuntimePlugin of DefaultRuntimePlugin [roughlyenoughitems]/" done in 63.70 μs
[18:55:57] [main/TRACE] [REI] [REIPlugin START] Reloading Section: "reloadable-plugin/ItemComparatorRegistryImpl/" done in 1.659 ms
[18:55:57] [main/TRACE] [REI] [REIPlugin START] Reloading Section: "reloadable-plugin/FluidComparatorRegistryImpl/"
[18:55:57] [main/TRACE] [REI] [REIPlugin START] Reloading Section: "reloadable-plugin/FluidComparatorRegistryImpl/DefaultPluginImpl of DefaultPluginImpl [roughlyenoughitems]/"
[18:55:57] [main/TRACE] [REI] [REIPlugin START] Reloading Section: "reloadable-plugin/FluidComparatorRegistryImpl/DefaultPluginImpl of DefaultPluginImpl [roughlyenoughitems]/" done in 155.2 μs
[18:55:57] [main/TRACE] [REI] [REIPlugin START] Reloading Section: "reloadable-plugin/FluidComparatorRegistryImpl/DefaultRuntimePlugin of DefaultRuntimePlugin [roughlyenoughitems]/"
[18:55:57] [main/TRACE] [REI] [REIPlugin START] Reloading Section: "reloadable-plugin/FluidComparatorRegistryImpl/DefaultRuntimePlugin of DefaultRuntimePlugin [roughlyenoughitems]/" done in 126.0 μs
[18:55:57] [main/TRACE] [REI] [REIPlugin START] Reloading Section: "reloadable-plugin/FluidComparatorRegistryImpl/" done in 829.8 μs
[18:55:57] [main/TRACE] [REI] [REIPlugin START] Reloading Section: "reloadable-plugin/DisplaySerializerRegistryImpl/"
[18:55:57] [main/TRACE] [REI] [REIPlugin START] Reloading Section: "reloadable-plugin/DisplaySerializerRegistryImpl/DefaultPluginImpl of DefaultPluginImpl [roughlyenoughitems]/"
[18:55:57] [main/TRACE] [REI] [REIPlugin START] Reloading Section: "reloadable-plugin/DisplaySerializerRegistryImpl/DefaultPluginImpl of DefaultPluginImpl [roughlyenoughitems]/" done in 134.5 μs
[18:55:57] [main/TRACE] [REI] [REIPlugin START] Reloading Section: "reloadable-plugin/DisplaySerializerRegistryImpl/DefaultRuntimePlugin of DefaultRuntimePlugin [roughlyenoughitems]/"
[18:55:57] [main/TRACE] [REI] [REIPlugin START] Reloading Section: "reloadable-plugin/DisplaySerializerRegistryImpl/DefaultRuntimePlugin of DefaultRuntimePlugin [roughlyenoughitems]/" done in 117.3 μs
[18:55:57] [main/TRACE] [REI] [REIPlugin START] Reloading Section: "reloadable-plugin/DisplaySerializerRegistryImpl/" done in 726.7 μs
[18:55:57] [main/TRACE] [REI] [REIPlugin START] Reloading Section: "reloadable-plugin/FluidSupportProviderImpl/"
[18:55:57] [main/TRACE] [REI] [REIPlugin START] Reloading Section: "reloadable-plugin/FluidSupportProviderImpl/DefaultPluginImpl of DefaultPluginImpl [roughlyenoughitems]/"
[18:55:57] [main/TRACE] [REI] [REIPlugin START] Reloading Section: "reloadable-plugin/FluidSupportProviderImpl/DefaultPluginImpl of DefaultPluginImpl [roughlyenoughitems]/" done in 617.1 μs
[18:55:57] [main/TRACE] [REI] [REIPlugin START] Reloading Section: "reloadable-plugin/FluidSupportProviderImpl/DefaultRuntimePlugin of DefaultRuntimePlugin [roughlyenoughitems]/"
[18:55:57] [main/TRACE] [REI] [REIPlugin START] Reloading Section: "reloadable-plugin/FluidSupportProviderImpl/DefaultRuntimePlugin of DefaultRuntimePlugin [roughlyenoughitems]/" done in 128.1 μs
[18:55:57] [main/TRACE] [REI] [REIPlugin START] Reloading Section: "reloadable-plugin/FluidSupportProviderImpl/" done in 1.293 ms
[18:55:57] [main/DEBUG] [REI] ========================================
[18:55:57] [main/DEBUG] [REI] REIPlugin ending main-reload for START.
[18:55:57] [main/DEBUG] [REI] ========================================
[18:55:57] [main/TRACE] [REI] [REIPlugin START] Reloading Section: "end-reload/"
[18:55:57] [main/TRACE] [REI] [REIPlugin START] Reloading Section: "end-reload/EntryTypeRegistryImpl/"
[18:55:57] [main/TRACE] [REI] [REIPlugin START] Reloading Section: "end-reload/EntryTypeRegistryImpl/" done in 147.4 μs
[18:55:57] [main/TRACE] [REI] [REIPlugin START] Reloading Section: "end-reload/EntrySettingsAdapterRegistryImpl/"
[18:55:57] [main/TRACE] [REI] [REIPlugin START] Reloading Section: "end-reload/EntrySettingsAdapterRegistryImpl/" done in 111.9 μs
[18:55:57] [main/TRACE] [REI] [REIPlugin START] Reloading Section: "end-reload/RecipeManagerContextImpl/"
[18:55:57] [main/TRACE] [REI] [REIPlugin START] Reloading Section: "end-reload/RecipeManagerContextImpl/" done in 122.4 μs
[18:55:57] [main/TRACE] [REI] [REIPlugin START] Reloading Section: "end-reload/ItemComparatorRegistryImpl/"
[18:55:57] [main/TRACE] [REI] [REIPlugin START] Reloading Section: "end-reload/ItemComparatorRegistryImpl/" done in 139.0 μs
[18:55:57] [main/TRACE] [REI] [REIPlugin START] Reloading Section: "end-reload/FluidComparatorRegistryImpl/"
[18:55:57] [main/TRACE] [REI] [REIPlugin START] Reloading Section: "end-reload/FluidComparatorRegistryImpl/" done in 116.0 μs
[18:55:57] [main/TRACE] [REI] [REIPlugin START] Reloading Section: "end-reload/DisplaySerializerRegistryImpl/"
[18:55:57] [main/TRACE] [REI] [REIPlugin START] Reloading Section: "end-reload/DisplaySerializerRegistryImpl/" done in 115.5 μs
[18:55:57] [main/TRACE] [REI] [REIPlugin START] Reloading Section: "end-reload/FluidSupportProviderImpl/"
[18:55:57] [main/TRACE] [REI] [REIPlugin START] Reloading Section: "end-reload/FluidSupportProviderImpl/" done in 126.7 μs
[18:55:57] [main/TRACE] [REI] [REIPlugin START] Reloading Section: "end-reload/" done in 2.478 ms
[18:55:57] [main/DEBUG] [REI] ========================================
[18:55:57] [main/DEBUG] [REI] REIPlugin ended main-reload for START in 26.02 ms.
[18:55:57] [main/DEBUG] [REI] ========================================
[18:55:57] [main/INFO] [REI] ****************************************
[18:55:57] [main/INFO] [REI] REIServerPlugin starting main-reload for START.
[18:55:57] [main/DEBUG] [REI] Reloadables (2):
[18:55:57] [main/DEBUG] [REI]  - MenuInfoRegistryImpl
[18:55:57] [main/DEBUG] [REI]  - SlotAccessorRegistryImpl
[18:55:57] [main/INFO] [REI] Plugins (2):
[18:55:57] [main/INFO] [REI]  - (-100.00) DefaultPluginImpl of DefaultPluginImpl [roughlyenoughitems]
[18:55:57] [main/INFO] [REI]  - (0.00) DefaultRuntimePlugin of DefaultRuntimePlugin [roughlyenoughitems]
[18:55:57] [main/INFO] [REI] ****************************************
[18:55:57] [main/TRACE] [REI] [REIServerPlugin START] Reloading Section: "start-reload/"
[18:55:57] [main/TRACE] [REI] [REIServerPlugin START] Reloading Section: "start-reload/MenuInfoRegistryImpl/"
[18:55:57] [main/TRACE] [REI] [REIServerPlugin START] Reloading Section: "start-reload/MenuInfoRegistryImpl/" done in 42.93 μs
[18:55:57] [main/TRACE] [REI] [REIServerPlugin START] Reloading Section: "start-reload/SlotAccessorRegistryImpl/"
[18:55:57] [main/TRACE] [REI] [REIServerPlugin START] Reloading Section: "start-reload/SlotAccessorRegistryImpl/" done in 38.26 μs
[18:55:57] [main/TRACE] [REI] [REIServerPlugin START] Reloading Section: "start-reload/" done in 326.2 μs
[18:55:57] [main/DEBUG] [REI] ========================================
[18:55:57] [main/DEBUG] [REI] REIServerPlugin started main-reload for START.
[18:55:57] [main/DEBUG] [REI] ========================================
[18:55:57] [main/TRACE] [REI] [REIServerPlugin START] Reloading Section: "reloadable-plugin/MenuInfoRegistryImpl/"
[18:55:57] [main/TRACE] [REI] [REIServerPlugin START] Reloading Section: "reloadable-plugin/MenuInfoRegistryImpl/DefaultPluginImpl of DefaultPluginImpl [roughlyenoughitems]/"
[18:55:57] [main/TRACE] [REI] [REIServerPlugin START] Reloading Section: "reloadable-plugin/MenuInfoRegistryImpl/DefaultPluginImpl of DefaultPluginImpl [roughlyenoughitems]/" done in 44.73 μs
[18:55:57] [main/TRACE] [REI] [REIServerPlugin START] Reloading Section: "reloadable-plugin/MenuInfoRegistryImpl/DefaultRuntimePlugin of DefaultRuntimePlugin [roughlyenoughitems]/"
[18:55:57] [main/TRACE] [REI] [REIServerPlugin START] Reloading Section: "reloadable-plugin/MenuInfoRegistryImpl/DefaultRuntimePlugin of DefaultRuntimePlugin [roughlyenoughitems]/" done in 43.30 μs
[18:55:57] [main/TRACE] [REI] [REIServerPlugin START] Reloading Section: "reloadable-plugin/MenuInfoRegistryImpl/" done in 352.6 μs
[18:55:57] [main/TRACE] [REI] [REIServerPlugin START] Reloading Section: "reloadable-plugin/SlotAccessorRegistryImpl/"
[18:55:57] [main/TRACE] [REI] [REIServerPlugin START] Reloading Section: "reloadable-plugin/SlotAccessorRegistryImpl/DefaultPluginImpl of DefaultPluginImpl [roughlyenoughitems]/"
[18:55:57] [main/TRACE] [REI] [REIServerPlugin START] Reloading Section: "reloadable-plugin/SlotAccessorRegistryImpl/DefaultPluginImpl of DefaultPluginImpl [roughlyenoughitems]/" done in 46.23 μs
[18:55:57] [main/TRACE] [REI] [REIServerPlugin START] Reloading Section: "reloadable-plugin/SlotAccessorRegistryImpl/DefaultRuntimePlugin of DefaultRuntimePlugin [roughlyenoughitems]/"
[18:55:57] [main/TRACE] [REI] [REIServerPlugin START] Reloading Section: "reloadable-plugin/SlotAccessorRegistryImpl/DefaultRuntimePlugin of DefaultRuntimePlugin [roughlyenoughitems]/" done in 51.43 μs
[18:55:57] [main/TRACE] [REI] [REIServerPlugin START] Reloading Section: "reloadable-plugin/SlotAccessorRegistryImpl/" done in 441.4 μs
[18:55:57] [main/DEBUG] [REI] ========================================
[18:55:57] [main/DEBUG] [REI] REIServerPlugin ending main-reload for START.
[18:55:57] [main/DEBUG] [REI] ========================================
[18:55:57] [main/TRACE] [REI] [REIServerPlugin START] Reloading Section: "end-reload/"
[18:55:57] [main/TRACE] [REI] [REIServerPlugin START] Reloading Section: "end-reload/MenuInfoRegistryImpl/"
[18:55:57] [main/TRACE] [REI] [REIServerPlugin START] Reloading Section: "end-reload/MenuInfoRegistryImpl/" done in 126.7 μs
[18:55:57] [main/TRACE] [REI] [REIServerPlugin START] Reloading Section: "end-reload/SlotAccessorRegistryImpl/"
[18:55:57] [main/TRACE] [REI] [REIServerPlugin START] Reloading Section: "end-reload/SlotAccessorRegistryImpl/" done in 136.5 μs
[18:55:57] [main/TRACE] [REI] [REIServerPlugin START] Reloading Section: "end-reload/" done in 789.2 μs
[18:55:57] [main/DEBUG] [REI] ========================================
[18:55:57] [main/DEBUG] [REI] REIServerPlugin ended main-reload for START in 6.439 ms.
[18:55:57] [main/DEBUG] [REI] ========================================
[18:55:57] [main/DEBUG] [REI] ========================================
[18:55:57] [main/DEBUG] [REI] REIPlugin starting post-reload for START.
[18:55:57] [main/DEBUG] [REI] Reloadables (7):
[18:55:57] [main/DEBUG] [REI]  - EntryTypeRegistryImpl
[18:55:57] [main/DEBUG] [REI]  - EntrySettingsAdapterRegistryImpl
[18:55:57] [main/DEBUG] [REI]  - RecipeManagerContextImpl
[18:55:57] [main/DEBUG] [REI]  - ItemComparatorRegistryImpl
[18:55:57] [main/DEBUG] [REI]  - FluidComparatorRegistryImpl
[18:55:57] [main/DEBUG] [REI]  - DisplaySerializerRegistryImpl
[18:55:57] [main/DEBUG] [REI]  - FluidSupportProviderImpl
[18:55:57] [main/DEBUG] [REI] Plugins (2):
[18:55:57] [main/DEBUG] [REI]  - (-100.00) DefaultPluginImpl of DefaultPluginImpl [roughlyenoughitems]
[18:55:57] [main/DEBUG] [REI]  - (0.00) DefaultRuntimePlugin of DefaultRuntimePlugin [roughlyenoughitems]
[18:55:57] [main/DEBUG] [REI] ========================================
[18:55:57] [main/TRACE] [REI] [REIPlugin START] Reloading Section: "post-register/"
[18:55:57] [main/TRACE] [REI] [REIPlugin START] Reloading Section: "post-register/DefaultPluginImpl of DefaultPluginImpl [roughlyenoughitems]/"
[18:55:57] [main/TRACE] [REI] [REIPlugin START] Reloading Section: "post-register/DefaultPluginImpl of DefaultPluginImpl [roughlyenoughitems]/" done in 329.4 μs
[18:55:57] [main/TRACE] [REI] [REIPlugin START] Reloading Section: "post-register/DefaultRuntimePlugin of DefaultRuntimePlugin [roughlyenoughitems]/"
[18:55:57] [main/TRACE] [REI] [REIPlugin START] Reloading Section: "post-register/DefaultRuntimePlugin of DefaultRuntimePlugin [roughlyenoughitems]/" done in 113.6 μs
[18:55:57] [main/TRACE] [REI] [REIPlugin START] Reloading Section: "post-register/" done in 1.241 ms
[18:55:57] [main/TRACE] [REI] [REIPlugin START] Reloading Section: "post-stage/"
[18:55:57] [main/TRACE] [REI] [REIPlugin START] Reloading Section: "post-stage/EntryTypeRegistryImpl/"
[18:55:57] [main/TRACE] [REI] [REIPlugin START] Reloading Section: "post-stage/EntryTypeRegistryImpl/" done in 166.2 μs
[18:55:57] [main/TRACE] [REI] [REIPlugin START] Reloading Section: "post-stage/EntrySettingsAdapterRegistryImpl/"
[18:55:57] [main/TRACE] [REI] [REIPlugin START] Reloading Section: "post-stage/EntrySettingsAdapterRegistryImpl/" done in 56.96 μs
[18:55:57] [main/TRACE] [REI] [REIPlugin START] Reloading Section: "post-stage/RecipeManagerContextImpl/"
[18:55:57] [main/TRACE] [REI] [REIPlugin START] Reloading Section: "post-stage/RecipeManagerContextImpl/" done in 118.0 μs
[18:55:57] [main/TRACE] [REI] [REIPlugin START] Reloading Section: "post-stage/ItemComparatorRegistryImpl/"
[18:55:57] [main/TRACE] [REI] [REIPlugin START] Reloading Section: "post-stage/ItemComparatorRegistryImpl/" done in 113.6 μs
[18:55:57] [main/TRACE] [REI] [REIPlugin START] Reloading Section: "post-stage/FluidComparatorRegistryImpl/"
[18:55:57] [main/TRACE] [REI] [REIPlugin START] Reloading Section: "post-stage/FluidComparatorRegistryImpl/" done in 125.3 μs
[18:55:57] [main/TRACE] [REI] [REIPlugin START] Reloading Section: "post-stage/DisplaySerializerRegistryImpl/"
[18:55:57] [main/TRACE] [REI] [REIPlugin START] Reloading Section: "post-stage/DisplaySerializerRegistryImpl/" done in 49.79 μs
[18:55:57] [main/TRACE] [REI] [REIPlugin START] Reloading Section: "post-stage/FluidSupportProviderImpl/"
[18:55:57] [main/TRACE] [REI] [REIPlugin START] Reloading Section: "post-stage/FluidSupportProviderImpl/" done in 133.5 μs
[18:55:57] [main/TRACE] [REI] [REIPlugin START] Reloading Section: "post-stage/" done in 2.327 ms
[18:55:57] [main/DEBUG] [REI] ========================================
[18:55:57] [main/INFO] [REI] REIPlugin finished post-reload for START in 3.897 ms, totaling 50.60 ms.
[18:55:57] [main/DEBUG] [REI] ========================================
[18:55:57] [main/DEBUG] [REI] ========================================
[18:55:57] [main/DEBUG] [REI] REIServerPlugin starting post-reload for START.
[18:55:57] [main/DEBUG] [REI] Reloadables (2):
[18:55:57] [main/DEBUG] [REI]  - MenuInfoRegistryImpl
[18:55:57] [main/DEBUG] [REI]  - SlotAccessorRegistryImpl
[18:55:57] [main/DEBUG] [REI] Plugins (2):
[18:55:57] [main/DEBUG] [REI]  - (-100.00) DefaultPluginImpl of DefaultPluginImpl [roughlyenoughitems]
[18:55:57] [main/DEBUG] [REI]  - (0.00) DefaultRuntimePlugin of DefaultRuntimePlugin [roughlyenoughitems]
[18:55:57] [main/DEBUG] [REI] ========================================
[18:55:57] [main/TRACE] [REI] [REIServerPlugin START] Reloading Section: "post-register/"
[18:55:57] [main/TRACE] [REI] [REIServerPlugin START] Reloading Section: "post-register/DefaultPluginImpl of DefaultPluginImpl [roughlyenoughitems]/"
[18:55:57] [main/TRACE] [REI] [REIServerPlugin START] Reloading Section: "post-register/DefaultPluginImpl of DefaultPluginImpl [roughlyenoughitems]/" done in 52.78 μs
[18:55:57] [main/TRACE] [REI] [REIServerPlugin START] Reloading Section: "post-register/DefaultRuntimePlugin of DefaultRuntimePlugin [roughlyenoughitems]/"
[18:55:57] [main/TRACE] [REI] [REIServerPlugin START] Reloading Section: "post-register/DefaultRuntimePlugin of DefaultRuntimePlugin [roughlyenoughitems]/" done in 116.0 μs
[18:55:57] [main/TRACE] [REI] [REIServerPlugin START] Reloading Section: "post-register/" done in 649.5 μs
[18:55:57] [main/TRACE] [REI] [REIServerPlugin START] Reloading Section: "post-stage/"
[18:55:57] [main/TRACE] [REI] [REIServerPlugin START] Reloading Section: "post-stage/MenuInfoRegistryImpl/"
[18:55:57] [main/TRACE] [REI] [REIServerPlugin START] Reloading Section: "post-stage/MenuInfoRegistryImpl/" done in 127.1 μs
[18:55:57] [main/TRACE] [REI] [REIServerPlugin START] Reloading Section: "post-stage/SlotAccessorRegistryImpl/"
[18:55:57] [main/TRACE] [REI] [REIServerPlugin START] Reloading Section: "post-stage/SlotAccessorRegistryImpl/" done in 105.7 μs
[18:55:57] [main/TRACE] [REI] [REIServerPlugin START] Reloading Section: "post-stage/" done in 736.7 μs
[18:55:57] [main/DEBUG] [REI] ========================================
[18:55:57] [main/INFO] [REI] REIServerPlugin finished post-reload for START in 1.717 ms, totaling 9.160 ms.
[18:55:57] [main/DEBUG] [REI] ========================================
[18:55:57] [main/DEBUG] [REI] ========================================
[18:55:57] [main/DEBUG] [REI] REIPlugin starting pre-reload for END.
[18:55:57] [main/DEBUG] [REI] Reloadables (7):
[18:55:57] [main/DEBUG] [REI]  - EntryTypeRegistryImpl
[18:55:57] [main/DEBUG] [REI]  - EntrySettingsAdapterRegistryImpl
[18:55:57] [main/DEBUG] [REI]  - RecipeManagerContextImpl
[18:55:57] [main/DEBUG] [REI]  - ItemComparatorRegistryImpl
[18:55:57] [main/DEBUG] [REI]  - FluidComparatorRegistryImpl
[18:55:57] [main/DEBUG] [REI]  - DisplaySerializerRegistryImpl
[18:55:57] [main/DEBUG] [REI]  - FluidSupportProviderImpl
[18:55:57] [main/DEBUG] [REI] Plugins (2):
[18:55:57] [main/DEBUG] [REI]  - (-100.00) DefaultPluginImpl of DefaultPluginImpl [roughlyenoughitems]
[18:55:57] [main/DEBUG] [REI]  - (0.00) DefaultRuntimePlugin of DefaultRuntimePlugin [roughlyenoughitems]
[18:55:57] [main/DEBUG] [REI] ========================================
[18:55:57] [main/TRACE] [REI] [REIPlugin END] Reloading Section: "pre-register/"
[18:55:57] [main/TRACE] [REI] [REIPlugin END] Reloading Section: "pre-register/DefaultPluginImpl of DefaultPluginImpl [roughlyenoughitems]/"
[18:55:57] [main/TRACE] [REI] [REIPlugin END] Reloading Section: "pre-register/DefaultPluginImpl of DefaultPluginImpl [roughlyenoughitems]/" done in 152.0 μs
[18:55:57] [main/TRACE] [REI] [REIPlugin END] Reloading Section: "pre-register/DefaultRuntimePlugin of DefaultRuntimePlugin [roughlyenoughitems]/"
[18:55:57] [main/TRACE] [REI] [REIPlugin END] Reloading Section: "pre-register/DefaultRuntimePlugin of DefaultRuntimePlugin [roughlyenoughitems]/" done in 113.0 μs
[18:55:57] [main/TRACE] [REI] [REIPlugin END] Reloading Section: "pre-register/" done in 684.7 μs
[18:55:57] [main/TRACE] [REI] [REIPlugin END] Reloading Section: "pre-stage/"
[18:55:57] [main/TRACE] [REI] [REIPlugin END] Reloading Section: "pre-stage/EntryTypeRegistryImpl/"
[18:55:57] [main/TRACE] [REI] [REIPlugin END] Reloading Section: "pre-stage/EntryTypeRegistryImpl/" done in 110.8 μs
[18:55:57] [main/TRACE] [REI] [REIPlugin END] Reloading Section: "pre-stage/EntrySettingsAdapterRegistryImpl/"
[18:55:57] [main/TRACE] [REI] [REIPlugin END] Reloading Section: "pre-stage/EntrySettingsAdapterRegistryImpl/" done in 112.3 μs
[18:55:57] [main/TRACE] [REI] [REIPlugin END] Reloading Section: "pre-stage/RecipeManagerContextImpl/"
[18:55:57] [main/TRACE] [REI] [REIPlugin END] Reloading Section: "pre-stage/RecipeManagerContextImpl/" done in 104.6 μs
[18:55:57] [main/TRACE] [REI] [REIPlugin END] Reloading Section: "pre-stage/ItemComparatorRegistryImpl/"
[18:55:57] [main/TRACE] [REI] [REIPlugin END] Reloading Section: "pre-stage/ItemComparatorRegistryImpl/" done in 122.0 μs
[18:55:57] [main/TRACE] [REI] [REIPlugin END] Reloading Section: "pre-stage/FluidComparatorRegistryImpl/"
[18:55:57] [main/TRACE] [REI] [REIPlugin END] Reloading Section: "pre-stage/FluidComparatorRegistryImpl/" done in 106.8 μs
[18:55:57] [main/TRACE] [REI] [REIPlugin END] Reloading Section: "pre-stage/DisplaySerializerRegistryImpl/"
[18:55:57] [main/TRACE] [REI] [REIPlugin END] Reloading Section: "pre-stage/DisplaySerializerRegistryImpl/" done in 109.7 μs
[18:55:57] [main/TRACE] [REI] [REIPlugin END] Reloading Section: "pre-stage/FluidSupportProviderImpl/"
[18:55:57] [main/TRACE] [REI] [REIPlugin END] Reloading Section: "pre-stage/FluidSupportProviderImpl/" done in 126.2 μs
[18:55:57] [main/TRACE] [REI] [REIPlugin END] Reloading Section: "pre-stage/" done in 2.233 ms
[18:55:57] [main/DEBUG] [REI] ========================================
[18:55:57] [main/DEBUG] [REI] REIPlugin finished pre-reload for END in 3.254 ms.
[18:55:57] [main/DEBUG] [REI] ========================================
[18:55:57] [main/DEBUG] [REI] ========================================
[18:55:57] [main/DEBUG] [REI] REIServerPlugin starting pre-reload for END.
[18:55:57] [main/DEBUG] [REI] Reloadables (2):
[18:55:57] [main/DEBUG] [REI]  - MenuInfoRegistryImpl
[18:55:57] [main/DEBUG] [REI]  - SlotAccessorRegistryImpl
[18:55:57] [main/DEBUG] [REI] Plugins (2):
[18:55:57] [main/DEBUG] [REI]  - (-100.00) DefaultPluginImpl of DefaultPluginImpl [roughlyenoughitems]
[18:55:57] [main/DEBUG] [REI]  - (0.00) DefaultRuntimePlugin of DefaultRuntimePlugin [roughlyenoughitems]
[18:55:57] [main/DEBUG] [REI] ========================================
[18:55:57] [main/TRACE] [REI] [REIServerPlugin END] Reloading Section: "pre-register/"
[18:55:57] [main/TRACE] [REI] [REIServerPlugin END] Reloading Section: "pre-register/DefaultPluginImpl of DefaultPluginImpl [roughlyenoughitems]/"
[18:55:57] [main/TRACE] [REI] [REIServerPlugin END] Reloading Section: "pre-register/DefaultPluginImpl of DefaultPluginImpl [roughlyenoughitems]/" done in 221.2 μs
[18:55:57] [main/TRACE] [REI] [REIServerPlugin END] Reloading Section: "pre-register/DefaultRuntimePlugin of DefaultRuntimePlugin [roughlyenoughitems]/"
[18:55:57] [main/TRACE] [REI] [REIServerPlugin END] Reloading Section: "pre-register/DefaultRuntimePlugin of DefaultRuntimePlugin [roughlyenoughitems]/" done in 121.4 μs
[18:55:57] [main/TRACE] [REI] [REIServerPlugin END] Reloading Section: "pre-register/" done in 777.3 μs
[18:55:57] [main/TRACE] [REI] [REIServerPlugin END] Reloading Section: "pre-stage/"
[18:55:57] [main/TRACE] [REI] [REIServerPlugin END] Reloading Section: "pre-stage/MenuInfoRegistryImpl/"
[18:55:57] [main/TRACE] [REI] [REIServerPlugin END] Reloading Section: "pre-stage/MenuInfoRegistryImpl/" done in 117.3 μs
[18:55:57] [main/TRACE] [REI] [REIServerPlugin END] Reloading Section: "pre-stage/SlotAccessorRegistryImpl/"
[18:55:57] [main/TRACE] [REI] [REIServerPlugin END] Reloading Section: "pre-stage/SlotAccessorRegistryImpl/" done in 117.6 μs
[18:55:57] [main/TRACE] [REI] [REIServerPlugin END] Reloading Section: "pre-stage/" done in 785.7 μs
[18:55:57] [main/DEBUG] [REI] ========================================
[18:55:57] [main/DEBUG] [REI] REIServerPlugin finished pre-reload for END in 1.883 ms.
[18:55:57] [main/DEBUG] [REI] ========================================
[18:55:57] [main/INFO] [REI] ========================================
[18:55:57] [main/INFO] [REI] REIPlugin starting main-reload for END.
[18:55:57] [main/DEBUG] [REI] Reloadables (7):
[18:55:57] [main/DEBUG] [REI]  - EntryTypeRegistryImpl
[18:55:57] [main/DEBUG] [REI]  - EntrySettingsAdapterRegistryImpl
[18:55:57] [main/DEBUG] [REI]  - RecipeManagerContextImpl
[18:55:57] [main/DEBUG] [REI]  - ItemComparatorRegistryImpl
[18:55:57] [main/DEBUG] [REI]  - FluidComparatorRegistryImpl
[18:55:57] [main/DEBUG] [REI]  - DisplaySerializerRegistryImpl
[18:55:57] [main/DEBUG] [REI]  - FluidSupportProviderImpl
[18:55:57] [main/INFO] [REI] Plugins (2):
[18:55:57] [main/INFO] [REI]  - (-100.00) DefaultPluginImpl of DefaultPluginImpl [roughlyenoughitems]
[18:55:57] [main/INFO] [REI]  - (0.00) DefaultRuntimePlugin of DefaultRuntimePlugin [roughlyenoughitems]
[18:55:57] [main/INFO] [REI] ========================================
[18:55:57] [main/TRACE] [REI] [REIPlugin END] Reloading Section: "start-reload/"
[18:55:57] [main/TRACE] [REI] [REIPlugin END] Reloading Section: "start-reload/EntryTypeRegistryImpl/"
[18:55:57] [main/TRACE] [REI] [REIPlugin END] Reloading Section: "start-reload/EntryTypeRegistryImpl/" done in 117.6 μs
[18:55:57] [main/TRACE] [REI] [REIPlugin END] Reloading Section: "start-reload/EntrySettingsAdapterRegistryImpl/"
[18:55:57] [main/TRACE] [REI] [REIPlugin END] Reloading Section: "start-reload/EntrySettingsAdapterRegistryImpl/" done in 158.3 μs
[18:55:57] [main/TRACE] [REI] [REIPlugin END] Reloading Section: "start-reload/RecipeManagerContextImpl/"
[18:55:57] [main/TRACE] [REI] [REIPlugin END] Reloading Section: "start-reload/RecipeManagerContextImpl/" done in 51.94 μs
[18:55:57] [main/TRACE] [REI] [REIPlugin END] Reloading Section: "start-reload/ItemComparatorRegistryImpl/"
[18:55:57] [main/TRACE] [REI] [REIPlugin END] Reloading Section: "start-reload/ItemComparatorRegistryImpl/" done in 114.6 μs
[18:55:57] [main/TRACE] [REI] [REIPlugin END] Reloading Section: "start-reload/FluidComparatorRegistryImpl/"
[18:55:57] [main/TRACE] [REI] [REIPlugin END] Reloading Section: "start-reload/FluidComparatorRegistryImpl/" done in 49.58 μs
[18:55:57] [main/TRACE] [REI] [REIPlugin END] Reloading Section: "start-reload/DisplaySerializerRegistryImpl/"
[18:55:57] [main/TRACE] [REI] [REIPlugin END] Reloading Section: "start-reload/DisplaySerializerRegistryImpl/" done in 138.9 μs
[18:55:57] [main/TRACE] [REI] [REIPlugin END] Reloading Section: "start-reload/FluidSupportProviderImpl/"
[18:55:57] [main/TRACE] [REI] [REIPlugin END] Reloading Section: "start-reload/FluidSupportProviderImpl/" done in 51.44 μs
[18:55:57] [main/TRACE] [REI] [REIPlugin END] Reloading Section: "start-reload/" done in 1.975 ms
[18:55:57] [main/DEBUG] [REI] ========================================
[18:55:57] [main/DEBUG] [REI] REIPlugin started main-reload for END.
[18:55:57] [main/DEBUG] [REI] ========================================
[18:55:57] [main/TRACE] [REI] [REIPlugin END] Reloading Section: "reloadable-plugin/EntryTypeRegistryImpl/"
[18:55:57] [main/TRACE] [REI] [REIPlugin END] Reloading Section: "reloadable-plugin/EntryTypeRegistryImpl/DefaultPluginImpl of DefaultPluginImpl [roughlyenoughitems]/"
[18:55:57] [main/TRACE] [REI] [REIPlugin END] Reloading Section: "reloadable-plugin/EntryTypeRegistryImpl/DefaultPluginImpl of DefaultPluginImpl [roughlyenoughitems]/" done in 52.82 μs
[18:55:57] [main/TRACE] [REI] [REIPlugin END] Reloading Section: "reloadable-plugin/EntryTypeRegistryImpl/DefaultRuntimePlugin of DefaultRuntimePlugin [roughlyenoughitems]/"
[18:55:57] [main/TRACE] [REI] [REIPlugin END] Reloading Section: "reloadable-plugin/EntryTypeRegistryImpl/DefaultRuntimePlugin of DefaultRuntimePlugin [roughlyenoughitems]/" done in 128.8 μs
[18:55:57] [main/TRACE] [REI] [REIPlugin END] Reloading Section: "reloadable-plugin/EntryTypeRegistryImpl/" done in 610.7 μs
[18:55:57] [main/TRACE] [REI] [REIPlugin END] Reloading Section: "reloadable-plugin/EntrySettingsAdapterRegistryImpl/"
[18:55:57] [main/TRACE] [REI] [REIPlugin END] Reloading Section: "reloadable-plugin/EntrySettingsAdapterRegistryImpl/DefaultPluginImpl of DefaultPluginImpl [roughlyenoughitems]/"
[18:55:57] [main/TRACE] [REI] [REIPlugin END] Reloading Section: "reloadable-plugin/EntrySettingsAdapterRegistryImpl/DefaultPluginImpl of DefaultPluginImpl [roughlyenoughitems]/" done in 64.90 μs
[18:55:57] [main/TRACE] [REI] [REIPlugin END] Reloading Section: "reloadable-plugin/EntrySettingsAdapterRegistryImpl/DefaultRuntimePlugin of DefaultRuntimePlugin [roughlyenoughitems]/"
[18:55:57] [main/TRACE] [REI] [REIPlugin END] Reloading Section: "reloadable-plugin/EntrySettingsAdapterRegistryImpl/DefaultRuntimePlugin of DefaultRuntimePlugin [roughlyenoughitems]/" done in 118.0 μs
[18:55:57] [main/TRACE] [REI] [REIPlugin END] Reloading Section: "reloadable-plugin/EntrySettingsAdapterRegistryImpl/" done in 568.4 μs
[18:55:57] [main/TRACE] [REI] [REIPlugin END] Reloading Section: "reloadable-plugin/RecipeManagerContextImpl/"
[18:55:57] [main/TRACE] [REI] [REIPlugin END] Reloading Section: "reloadable-plugin/RecipeManagerContextImpl/DefaultPluginImpl of DefaultPluginImpl [roughlyenoughitems]/"
[18:55:57] [main/TRACE] [REI] [REIPlugin END] Reloading Section: "reloadable-plugin/RecipeManagerContextImpl/DefaultPluginImpl of DefaultPluginImpl [roughlyenoughitems]/" done in 57.82 μs
[18:55:57] [main/TRACE] [REI] [REIPlugin END] Reloading Section: "reloadable-plugin/RecipeManagerContextImpl/DefaultRuntimePlugin of DefaultRuntimePlugin [roughlyenoughitems]/"
[18:55:57] [main/TRACE] [REI] [REIPlugin END] Reloading Section: "reloadable-plugin/RecipeManagerContextImpl/DefaultRuntimePlugin of DefaultRuntimePlugin [roughlyenoughitems]/" done in 61.16 μs
[18:55:57] [main/TRACE] [REI] [REIPlugin END] Reloading Section: "reloadable-plugin/RecipeManagerContextImpl/" done in 587.1 μs
[18:55:57] [main/TRACE] [REI] [REIPlugin END] Reloading Section: "reloadable-plugin/ItemComparatorRegistryImpl/"
[18:55:57] [main/TRACE] [REI] [REIPlugin END] Reloading Section: "reloadable-plugin/ItemComparatorRegistryImpl/DefaultPluginImpl of DefaultPluginImpl [roughlyenoughitems]/"
[18:55:57] [main/TRACE] [REI] [REIPlugin END] Reloading Section: "reloadable-plugin/ItemComparatorRegistryImpl/DefaultPluginImpl of DefaultPluginImpl [roughlyenoughitems]/" done in 106.3 μs
[18:55:57] [main/TRACE] [REI] [REIPlugin END] Reloading Section: "reloadable-plugin/ItemComparatorRegistryImpl/DefaultRuntimePlugin of DefaultRuntimePlugin [roughlyenoughitems]/"
[18:55:57] [main/TRACE] [REI] [REIPlugin END] Reloading Section: "reloadable-plugin/ItemComparatorRegistryImpl/DefaultRuntimePlugin of DefaultRuntimePlugin [roughlyenoughitems]/" done in 64.48 μs
[18:55:57] [main/TRACE] [REI] [REIPlugin END] Reloading Section: "reloadable-plugin/ItemComparatorRegistryImpl/" done in 542.9 μs
[18:55:57] [main/TRACE] [REI] [REIPlugin END] Reloading Section: "reloadable-plugin/FluidComparatorRegistryImpl/"
[18:55:57] [main/TRACE] [REI] [REIPlugin END] Reloading Section: "reloadable-plugin/FluidComparatorRegistryImpl/DefaultPluginImpl of DefaultPluginImpl [roughlyenoughitems]/"
[18:55:57] [main/TRACE] [REI] [REIPlugin END] Reloading Section: "reloadable-plugin/FluidComparatorRegistryImpl/DefaultPluginImpl of DefaultPluginImpl [roughlyenoughitems]/" done in 49.84 μs
[18:55:57] [main/TRACE] [REI] [REIPlugin END] Reloading Section: "reloadable-plugin/FluidComparatorRegistryImpl/DefaultRuntimePlugin of DefaultRuntimePlugin [roughlyenoughitems]/"
[18:55:57] [main/TRACE] [REI] [REIPlugin END] Reloading Section: "reloadable-plugin/FluidComparatorRegistryImpl/DefaultRuntimePlugin of DefaultRuntimePlugin [roughlyenoughitems]/" done in 107.0 μs
[18:55:57] [main/TRACE] [REI] [REIPlugin END] Reloading Section: "reloadable-plugin/FluidComparatorRegistryImpl/" done in 521.9 μs
[18:55:57] [main/TRACE] [REI] [REIPlugin END] Reloading Section: "reloadable-plugin/DisplaySerializerRegistryImpl/"
[18:55:57] [main/TRACE] [REI] [REIPlugin END] Reloading Section: "reloadable-plugin/DisplaySerializerRegistryImpl/DefaultPluginImpl of DefaultPluginImpl [roughlyenoughitems]/"
[18:55:57] [main/TRACE] [REI] [REIPlugin END] Reloading Section: "reloadable-plugin/DisplaySerializerRegistryImpl/DefaultPluginImpl of DefaultPluginImpl [roughlyenoughitems]/" done in 19.25 ms
[18:55:57] [main/TRACE] [REI] [REIPlugin END] Reloading Section: "reloadable-plugin/DisplaySerializerRegistryImpl/DefaultRuntimePlugin of DefaultRuntimePlugin [roughlyenoughitems]/"
[18:55:57] [main/TRACE] [REI] [REIPlugin END] Reloading Section: "reloadable-plugin/DisplaySerializerRegistryImpl/DefaultRuntimePlugin of DefaultRuntimePlugin [roughlyenoughitems]/" done in 113.6 μs
[18:55:57] [main/TRACE] [REI] [REIPlugin END] Reloading Section: "reloadable-plugin/DisplaySerializerRegistryImpl/" done in 19.83 ms
[18:55:57] [main/TRACE] [REI] [REIPlugin END] Reloading Section: "reloadable-plugin/FluidSupportProviderImpl/"
[18:55:57] [main/TRACE] [REI] [REIPlugin END] Reloading Section: "reloadable-plugin/FluidSupportProviderImpl/DefaultPluginImpl of DefaultPluginImpl [roughlyenoughitems]/"
[18:55:57] [main/TRACE] [REI] [REIPlugin END] Reloading Section: "reloadable-plugin/FluidSupportProviderImpl/DefaultPluginImpl of DefaultPluginImpl [roughlyenoughitems]/" done in 71.83 μs
[18:55:57] [main/TRACE] [REI] [REIPlugin END] Reloading Section: "reloadable-plugin/FluidSupportProviderImpl/DefaultRuntimePlugin of DefaultRuntimePlugin [roughlyenoughitems]/"
[18:55:57] [main/TRACE] [REI] [REIPlugin END] Reloading Section: "reloadable-plugin/FluidSupportProviderImpl/DefaultRuntimePlugin of DefaultRuntimePlugin [roughlyenoughitems]/" done in 67.62 μs
[18:55:57] [main/TRACE] [REI] [REIPlugin END] Reloading Section: "reloadable-plugin/FluidSupportProviderImpl/" done in 463.3 μs
[18:55:57] [main/DEBUG] [REI] ========================================
[18:55:57] [main/DEBUG] [REI] REIPlugin ending main-reload for END.
[18:55:57] [main/DEBUG] [REI] ========================================
[18:55:57] [main/TRACE] [REI] [REIPlugin END] Reloading Section: "end-reload/"
[18:55:57] [main/TRACE] [REI] [REIPlugin END] Reloading Section: "end-reload/EntryTypeRegistryImpl/"
[18:55:57] [main/TRACE] [REI] [REIPlugin END] Reloading Section: "end-reload/EntryTypeRegistryImpl/" done in 40.21 μs
[18:55:57] [main/TRACE] [REI] [REIPlugin END] Reloading Section: "end-reload/EntrySettingsAdapterRegistryImpl/"
[18:55:57] [main/TRACE] [REI] [REIPlugin END] Reloading Section: "end-reload/EntrySettingsAdapterRegistryImpl/" done in 44.29 μs
[18:55:57] [main/TRACE] [REI] [REIPlugin END] Reloading Section: "end-reload/RecipeManagerContextImpl/"
[18:55:57] [main/TRACE] [REI] [REIPlugin END] Reloading Section: "end-reload/RecipeManagerContextImpl/" done in 39.37 μs
[18:55:57] [main/TRACE] [REI] [REIPlugin END] Reloading Section: "end-reload/ItemComparatorRegistryImpl/"
[18:55:57] [main/TRACE] [REI] [REIPlugin END] Reloading Section: "end-reload/ItemComparatorRegistryImpl/" done in 42.18 μs
[18:55:57] [main/TRACE] [REI] [REIPlugin END] Reloading Section: "end-reload/FluidComparatorRegistryImpl/"
[18:55:57] [main/TRACE] [REI] [REIPlugin END] Reloading Section: "end-reload/FluidComparatorRegistryImpl/" done in 39.25 μs
[18:55:57] [main/TRACE] [REI] [REIPlugin END] Reloading Section: "end-reload/DisplaySerializerRegistryImpl/"
[18:55:57] [main/TRACE] [REI] [REIPlugin END] Reloading Section: "end-reload/DisplaySerializerRegistryImpl/" done in 38.07 μs
[18:55:57] [main/TRACE] [REI] [REIPlugin END] Reloading Section: "end-reload/FluidSupportProviderImpl/"
[18:55:57] [main/TRACE] [REI] [REIPlugin END] Reloading Section: "end-reload/FluidSupportProviderImpl/" done in 40.74 μs
[18:55:57] [main/TRACE] [REI] [REIPlugin END] Reloading Section: "end-reload/" done in 1.017 ms
[18:55:57] [main/DEBUG] [REI] ========================================
[18:55:57] [main/DEBUG] [REI] REIPlugin ended main-reload for END in 31.81 ms.
[18:55:57] [main/DEBUG] [REI] ========================================
[18:55:57] [main/INFO] [REI] OOOOOOOOOOOOOOOOOOOOOOOOOOOOOOOOOOOOOOOO
[18:55:57] [main/INFO] [REI] REIServerPlugin starting main-reload for END.
[18:55:57] [main/DEBUG] [REI] Reloadables (2):
[18:55:57] [main/DEBUG] [REI]  - MenuInfoRegistryImpl
[18:55:57] [main/DEBUG] [REI]  - SlotAccessorRegistryImpl
[18:55:57] [main/INFO] [REI] Plugins (2):
[18:55:57] [main/INFO] [REI]  - (-100.00) DefaultPluginImpl of DefaultPluginImpl [roughlyenoughitems]
[18:55:57] [main/INFO] [REI]  - (0.00) DefaultRuntimePlugin of DefaultRuntimePlugin [roughlyenoughitems]
[18:55:57] [main/INFO] [REI] OOOOOOOOOOOOOOOOOOOOOOOOOOOOOOOOOOOOOOOO
[18:55:57] [main/TRACE] [REI] [REIServerPlugin END] Reloading Section: "start-reload/"
[18:55:57] [main/TRACE] [REI] [REIServerPlugin END] Reloading Section: "start-reload/MenuInfoRegistryImpl/"
[18:55:57] [main/TRACE] [REI] [REIServerPlugin END] Reloading Section: "start-reload/MenuInfoRegistryImpl/" done in 55.52 μs
[18:55:57] [main/TRACE] [REI] [REIServerPlugin END] Reloading Section: "start-reload/SlotAccessorRegistryImpl/"
[18:55:57] [main/TRACE] [REI] [REIServerPlugin END] Reloading Section: "start-reload/SlotAccessorRegistryImpl/" done in 46.58 μs
[18:55:57] [main/TRACE] [REI] [REIServerPlugin END] Reloading Section: "start-reload/" done in 340.5 μs
[18:55:57] [main/DEBUG] [REI] ========================================
[18:55:57] [main/DEBUG] [REI] REIServerPlugin started main-reload for END.
[18:55:57] [main/DEBUG] [REI] ========================================
[18:55:57] [main/TRACE] [REI] [REIServerPlugin END] Reloading Section: "reloadable-plugin/MenuInfoRegistryImpl/"
[18:55:57] [main/TRACE] [REI] [REIServerPlugin END] Reloading Section: "reloadable-plugin/MenuInfoRegistryImpl/DefaultPluginImpl of DefaultPluginImpl [roughlyenoughitems]/"
[18:55:57] [main/TRACE] [REI] [REIServerPlugin END] Reloading Section: "reloadable-plugin/MenuInfoRegistryImpl/DefaultPluginImpl of DefaultPluginImpl [roughlyenoughitems]/" done in 56.44 μs
[18:55:57] [main/TRACE] [REI] [REIServerPlugin END] Reloading Section: "reloadable-plugin/MenuInfoRegistryImpl/DefaultRuntimePlugin of DefaultRuntimePlugin [roughlyenoughitems]/"
[18:55:57] [main/TRACE] [REI] [REIServerPlugin END] Reloading Section: "reloadable-plugin/MenuInfoRegistryImpl/DefaultRuntimePlugin of DefaultRuntimePlugin [roughlyenoughitems]/" done in 63.77 μs
[18:55:57] [main/TRACE] [REI] [REIServerPlugin END] Reloading Section: "reloadable-plugin/MenuInfoRegistryImpl/" done in 388.7 μs
[18:55:57] [main/TRACE] [REI] [REIServerPlugin END] Reloading Section: "reloadable-plugin/SlotAccessorRegistryImpl/"
[18:55:57] [main/TRACE] [REI] [REIServerPlugin END] Reloading Section: "reloadable-plugin/SlotAccessorRegistryImpl/DefaultPluginImpl of DefaultPluginImpl [roughlyenoughitems]/"
[18:55:57] [main/TRACE] [REI] [REIServerPlugin END] Reloading Section: "reloadable-plugin/SlotAccessorRegistryImpl/DefaultPluginImpl of DefaultPluginImpl [roughlyenoughitems]/" done in 54.52 μs
[18:55:57] [main/TRACE] [REI] [REIServerPlugin END] Reloading Section: "reloadable-plugin/SlotAccessorRegistryImpl/DefaultRuntimePlugin of DefaultRuntimePlugin [roughlyenoughitems]/"
[18:55:57] [main/DEBUG] [REI] Added slot accessor serializer: me.shedaniel.rei.plugin.common.runtime.DefaultRuntimePlugin$1@7e8abbb [roughlyenoughitems:vanilla]
[18:55:57] [main/DEBUG] [REI] Added slot accessor serializer: me.shedaniel.rei.plugin.common.runtime.DefaultRuntimePlugin$2@2c4fbad6 [roughlyenoughitems:player]
[18:55:57] [main/TRACE] [REI] [REIServerPlugin END] Reloading Section: "reloadable-plugin/SlotAccessorRegistryImpl/DefaultRuntimePlugin of DefaultRuntimePlugin [roughlyenoughitems]/" done in 1.818 ms
[18:55:57] [main/TRACE] [REI] [REIServerPlugin END] Reloading Section: "reloadable-plugin/SlotAccessorRegistryImpl/" done in 2.114 ms
[18:55:57] [main/DEBUG] [REI] ========================================
[18:55:57] [main/DEBUG] [REI] REIServerPlugin ending main-reload for END.
[18:55:57] [main/DEBUG] [REI] ========================================
[18:55:57] [main/TRACE] [REI] [REIServerPlugin END] Reloading Section: "end-reload/"
[18:55:57] [main/TRACE] [REI] [REIServerPlugin END] Reloading Section: "end-reload/MenuInfoRegistryImpl/"
[18:55:57] [main/DEBUG] [REI] Registered 0 menu infos
[18:55:57] [main/TRACE] [REI] [REIServerPlugin END] Reloading Section: "end-reload/MenuInfoRegistryImpl/" done in 102.7 μs
[18:55:57] [main/TRACE] [REI] [REIServerPlugin END] Reloading Section: "end-reload/SlotAccessorRegistryImpl/"
[18:55:57] [main/DEBUG] [REI] Registered 2 slot accessor serializers
[18:55:57] [main/TRACE] [REI] [REIServerPlugin END] Reloading Section: "end-reload/SlotAccessorRegistryImpl/" done in 75.38 μs
[18:55:57] [main/TRACE] [REI] [REIServerPlugin END] Reloading Section: "end-reload/" done in 333.7 μs
[18:55:57] [main/DEBUG] [REI] ========================================
[18:55:57] [main/DEBUG] [REI] REIServerPlugin ended main-reload for END in 5.640 ms.
[18:55:57] [main/DEBUG] [REI] ========================================
[18:55:57] [main/DEBUG] [REI] ========================================
[18:55:57] [main/DEBUG] [REI] REIPlugin starting post-reload for END.
[18:55:57] [main/DEBUG] [REI] Reloadables (7):
[18:55:57] [main/DEBUG] [REI]  - EntryTypeRegistryImpl
[18:55:57] [main/DEBUG] [REI]  - EntrySettingsAdapterRegistryImpl
[18:55:57] [main/DEBUG] [REI]  - RecipeManagerContextImpl
[18:55:57] [main/DEBUG] [REI]  - ItemComparatorRegistryImpl
[18:55:57] [main/DEBUG] [REI]  - FluidComparatorRegistryImpl
[18:55:57] [main/DEBUG] [REI]  - DisplaySerializerRegistryImpl
[18:55:57] [main/DEBUG] [REI]  - FluidSupportProviderImpl
[18:55:57] [main/DEBUG] [REI] Plugins (2):
[18:55:57] [main/DEBUG] [REI]  - (-100.00) DefaultPluginImpl of DefaultPluginImpl [roughlyenoughitems]
[18:55:57] [main/DEBUG] [REI]  - (0.00) DefaultRuntimePlugin of DefaultRuntimePlugin [roughlyenoughitems]
[18:55:57] [main/DEBUG] [REI] ========================================
[18:55:57] [main/TRACE] [REI] [REIPlugin END] Reloading Section: "post-register/"
[18:55:57] [main/TRACE] [REI] [REIPlugin END] Reloading Section: "post-register/DefaultPluginImpl of DefaultPluginImpl [roughlyenoughitems]/"
[18:55:57] [main/TRACE] [REI] [REIPlugin END] Reloading Section: "post-register/DefaultPluginImpl of DefaultPluginImpl [roughlyenoughitems]/" done in 27.02 μs
[18:55:57] [main/TRACE] [REI] [REIPlugin END] Reloading Section: "post-register/DefaultRuntimePlugin of DefaultRuntimePlugin [roughlyenoughitems]/"
[18:55:57] [main/TRACE] [REI] [REIPlugin END] Reloading Section: "post-register/DefaultRuntimePlugin of DefaultRuntimePlugin [roughlyenoughitems]/" done in 24.46 μs
[18:55:57] [main/TRACE] [REI] [REIPlugin END] Reloading Section: "post-register/" done in 211.4 μs
[18:55:57] [main/TRACE] [REI] [REIPlugin END] Reloading Section: "post-stage/"
[18:55:57] [main/TRACE] [REI] [REIPlugin END] Reloading Section: "post-stage/EntryTypeRegistryImpl/"
[18:55:57] [main/TRACE] [REI] [REIPlugin END] Reloading Section: "post-stage/EntryTypeRegistryImpl/" done in 22.28 μs
[18:55:57] [main/TRACE] [REI] [REIPlugin END] Reloading Section: "post-stage/EntrySettingsAdapterRegistryImpl/"
[18:55:57] [main/TRACE] [REI] [REIPlugin END] Reloading Section: "post-stage/EntrySettingsAdapterRegistryImpl/" done in 22.00 μs
[18:55:57] [main/TRACE] [REI] [REIPlugin END] Reloading Section: "post-stage/RecipeManagerContextImpl/"
[18:55:57] [main/TRACE] [REI] [REIPlugin END] Reloading Section: "post-stage/RecipeManagerContextImpl/" done in 39.87 μs
[18:55:57] [main/TRACE] [REI] [REIPlugin END] Reloading Section: "post-stage/ItemComparatorRegistryImpl/"
[18:55:57] [main/TRACE] [REI] [REIPlugin END] Reloading Section: "post-stage/ItemComparatorRegistryImpl/" done in 38.29 μs
[18:55:57] [main/TRACE] [REI] [REIPlugin END] Reloading Section: "post-stage/FluidComparatorRegistryImpl/"
[18:55:57] [main/TRACE] [REI] [REIPlugin END] Reloading Section: "post-stage/FluidComparatorRegistryImpl/" done in 37.12 μs
[18:55:57] [main/TRACE] [REI] [REIPlugin END] Reloading Section: "post-stage/DisplaySerializerRegistryImpl/"
[18:55:57] [main/TRACE] [REI] [REIPlugin END] Reloading Section: "post-stage/DisplaySerializerRegistryImpl/" done in 37.75 μs
[18:55:57] [main/TRACE] [REI] [REIPlugin END] Reloading Section: "post-stage/FluidSupportProviderImpl/"
[18:55:57] [main/TRACE] [REI] [REIPlugin END] Reloading Section: "post-stage/FluidSupportProviderImpl/" done in 36.44 μs
[18:55:57] [main/TRACE] [REI] [REIPlugin END] Reloading Section: "post-stage/" done in 863.2 μs
[18:55:57] [main/DEBUG] [REI] ========================================
[18:55:57] [main/INFO] [REI] REIPlugin finished post-reload for END in 1.225 ms, totaling 36.19 ms.
[18:55:57] [main/DEBUG] [REI] ========================================
[18:55:57] [main/DEBUG] [REI] ========================================
[18:55:57] [main/DEBUG] [REI] REIServerPlugin starting post-reload for END.
[18:55:57] [main/DEBUG] [REI] Reloadables (2):
[18:55:57] [main/DEBUG] [REI]  - MenuInfoRegistryImpl
[18:55:57] [main/DEBUG] [REI]  - SlotAccessorRegistryImpl
[18:55:57] [main/DEBUG] [REI] Plugins (2):
[18:55:57] [main/DEBUG] [REI]  - (-100.00) DefaultPluginImpl of DefaultPluginImpl [roughlyenoughitems]
[18:55:57] [main/DEBUG] [REI]  - (0.00) DefaultRuntimePlugin of DefaultRuntimePlugin [roughlyenoughitems]
[18:55:57] [main/DEBUG] [REI] ========================================
[18:55:57] [main/TRACE] [REI] [REIServerPlugin END] Reloading Section: "post-register/"
[18:55:57] [main/TRACE] [REI] [REIServerPlugin END] Reloading Section: "post-register/DefaultPluginImpl of DefaultPluginImpl [roughlyenoughitems]/"
[18:55:57] [main/TRACE] [REI] [REIServerPlugin END] Reloading Section: "post-register/DefaultPluginImpl of DefaultPluginImpl [roughlyenoughitems]/" done in 53.73 μs
[18:55:57] [main/TRACE] [REI] [REIServerPlugin END] Reloading Section: "post-register/DefaultRuntimePlugin of DefaultRuntimePlugin [roughlyenoughitems]/"
[18:55:57] [main/TRACE] [REI] [REIServerPlugin END] Reloading Section: "post-register/DefaultRuntimePlugin of DefaultRuntimePlugin [roughlyenoughitems]/" done in 54.41 μs
[18:55:57] [main/TRACE] [REI] [REIServerPlugin END] Reloading Section: "post-register/" done in 364.2 μs
[18:55:57] [main/TRACE] [REI] [REIServerPlugin END] Reloading Section: "post-stage/"
[18:55:57] [main/TRACE] [REI] [REIServerPlugin END] Reloading Section: "post-stage/MenuInfoRegistryImpl/"
[18:55:57] [main/TRACE] [REI] [REIServerPlugin END] Reloading Section: "post-stage/MenuInfoRegistryImpl/" done in 35.82 μs
[18:55:57] [main/TRACE] [REI] [REIServerPlugin END] Reloading Section: "post-stage/SlotAccessorRegistryImpl/"
[18:55:57] [main/TRACE] [REI] [REIServerPlugin END] Reloading Section: "post-stage/SlotAccessorRegistryImpl/" done in 37.69 μs
[18:55:57] [main/TRACE] [REI] [REIServerPlugin END] Reloading Section: "post-stage/" done in 266.1 μs
[18:55:57] [main/DEBUG] [REI] ========================================
[18:55:57] [main/INFO] [REI] REIServerPlugin finished post-reload for END in 798.4 μs, totaling 8.287 ms.
[18:55:57] [main/DEBUG] [REI] ========================================
